  GameEngine.cpp
  GameRealisation.cpp
  GameRealisationAddDelete.cpp
  GameRealisationDestroySpawn.cpp
  GameRealisationInit.cpp
  GameRealisationShipShoot.cpp
  GameRealisationUpdate.cpp
  Main.cpp
  Menu.cpp
  MenuFunctions.cpp
  OpenGLRealisation.cpp
  Vec.cpp
  Создание кода...
MenuFunctions.obj : error LNK2001: неразрешенный внешний символ "public: __cdecl Turel::Turel(void)" (??0Turel@@QEAA@XZ).
OpenGLRealisation.obj : error LNK2001: неразрешенный внешний символ "public: __cdecl Turel::Turel(void)" (??0Turel@@QEAA@XZ).
GameRealisationInit.obj : error LNK2001: неразрешенный внешний символ "public: __cdecl Turel::Turel(void)" (??0Turel@@QEAA@XZ).
GameRealisationShipShoot.obj : error LNK2001: неразрешенный внешний символ "public: __cdecl Turel::Turel(void)" (??0Turel@@QEAA@XZ).
GameRealisationUpdate.obj : error LNK2001: неразрешенный внешний символ "public: __cdecl Turel::Turel(void)" (??0Turel@@QEAA@XZ).
Main.obj : error LNK2001: неразрешенный внешний символ "public: __cdecl Turel::Turel(void)" (??0Turel@@QEAA@XZ).
GameEngine.obj : error LNK2001: неразрешенный внешний символ "public: __cdecl Turel::Turel(void)" (??0Turel@@QEAA@XZ).
GameRealisation.obj : error LNK2001: неразрешенный внешний символ "public: __cdecl Turel::Turel(void)" (??0Turel@@QEAA@XZ).
GameRealisationAddDelete.obj : error LNK2001: неразрешенный внешний символ "public: __cdecl Turel::Turel(void)" (??0Turel@@QEAA@XZ).
GameRealisationDestroySpawn.obj : error LNK2001: неразрешенный внешний символ "public: __cdecl Turel::Turel(void)" (??0Turel@@QEAA@XZ).
MenuFunctions.obj : error LNK2001: неразрешенный внешний символ "public: __cdecl MegaLaser::MegaLaser(void)" (??0MegaLaser@@QEAA@XZ).
OpenGLRealisation.obj : error LNK2001: неразрешенный внешний символ "public: __cdecl MegaLaser::MegaLaser(void)" (??0MegaLaser@@QEAA@XZ).
GameRealisationInit.obj : error LNK2001: неразрешенный внешний символ "public: __cdecl MegaLaser::MegaLaser(void)" (??0MegaLaser@@QEAA@XZ).
GameRealisationShipShoot.obj : error LNK2001: неразрешенный внешний символ "public: __cdecl MegaLaser::MegaLaser(void)" (??0MegaLaser@@QEAA@XZ).
GameRealisationUpdate.obj : error LNK2001: неразрешенный внешний символ "public: __cdecl MegaLaser::MegaLaser(void)" (??0MegaLaser@@QEAA@XZ).
Main.obj : error LNK2001: неразрешенный внешний символ "public: __cdecl MegaLaser::MegaLaser(void)" (??0MegaLaser@@QEAA@XZ).
GameEngine.obj : error LNK2001: неразрешенный внешний символ "public: __cdecl MegaLaser::MegaLaser(void)" (??0MegaLaser@@QEAA@XZ).
GameRealisation.obj : error LNK2001: неразрешенный внешний символ "public: __cdecl MegaLaser::MegaLaser(void)" (??0MegaLaser@@QEAA@XZ).
GameRealisationAddDelete.obj : error LNK2001: неразрешенный внешний символ "public: __cdecl MegaLaser::MegaLaser(void)" (??0MegaLaser@@QEAA@XZ).
GameRealisationDestroySpawn.obj : error LNK2001: неразрешенный внешний символ "public: __cdecl MegaLaser::MegaLaser(void)" (??0MegaLaser@@QEAA@XZ).
GameRealisation.obj : error LNK2019: ссылка на неразрешенный внешний символ "void __cdecl Game::Update::All(void)" (?All@Update@Game@@YAXXZ) в функции "void __cdecl Game::Recalculate(void)" (?Recalculate@Game@@YAXXZ).
GameRealisation.obj : error LNK2019: ссылка на неразрешенный внешний символ "void __cdecl Game::Update::TransportAll(void)" (?TransportAll@Update@Game@@YAXXZ) в функции "void __cdecl Game::Recalculate(void)" (?Recalculate@Game@@YAXXZ).
GameRealisation.obj : error LNK2019: ссылка на неразрешенный внешний символ "void __cdecl Game::Update::BulletsDestroy(void)" (?BulletsDestroy@Update@Game@@YAXXZ) в функции "void __cdecl Game::Recalculate(void)" (?Recalculate@Game@@YAXXZ).
GameRealisationShipShoot.obj : error LNK2019: ссылка на неразрешенный внешний символ "void __cdecl Game::Add::Entity(class Bullet)" (?Entity@Add@Game@@YAXVBullet@@@Z) в функции "void __cdecl Game::ShipShoot::Loop(class Ship *)" (?Loop@ShipShoot@Game@@YAXPEAVShip@@@Z).
GameRealisationUpdate.obj : error LNK2001: неразрешенный внешний символ "void __cdecl Game::Add::Entity(class Bullet)" (?Entity@Add@Game@@YAXVBullet@@@Z).
GameRealisationShipShoot.obj : error LNK2019: ссылка на неразрешенный внешний символ "void __cdecl Game::Add::Entity(class Knife)" (?Entity@Add@Game@@YAXVKnife@@@Z) в функции "void __cdecl Game::ShipShoot::Knife(class Ship *)" (?Knife@ShipShoot@Game@@YAXPEAVShip@@@Z).
GameRealisationShipShoot.obj : error LNK2019: ссылка на неразрешенный внешний символ "void __cdecl Game::Add::Entity(class Bomb)" (?Entity@Add@Game@@YAXVBomb@@@Z) в функции "void __cdecl Game::ShipShoot::Bomb(class Ship *)" (?Bomb@ShipShoot@Game@@YAXPEAVShip@@@Z).
GameRealisationShipShoot.obj : error LNK2019: ссылка на неразрешенный внешний символ "void __cdecl Game::Add::Entity(class Laser)" (?Entity@Add@Game@@YAXVLaser@@@Z) в функции "void __cdecl Game::ShipShoot::Laser(class Ship *)" (?Laser@ShipShoot@Game@@YAXPEAVShip@@@Z).
GameRealisationUpdate.obj : error LNK2019: ссылка на неразрешенный внешний символ "public: void __cdecl DynamicEntity::AddForceAlongDirection(float)" (?AddForceAlongDirection@DynamicEntity@@QEAAXM@Z) в функции "void __cdecl Game::Update::Pilots(void)" (?Pilots@Update@Game@@YAXXZ).
GameRealisationUpdate.obj : error LNK2019: ссылка на неразрешенный внешний символ "public: void __cdecl DynamicEntity::AddGravityForce(float,class Entity *)" (?AddGravityForce@DynamicEntity@@QEAAXMPEAVEntity@@@Z) в функции "void __cdecl Game::Update::Ships(void)" (?Ships@Update@Game@@YAXXZ).
GameRealisationUpdate.obj : error LNK2019: ссылка на неразрешенный внешний символ "public: void __cdecl DynamicEntity::SetAngularVelocity(float)" (?SetAngularVelocity@DynamicEntity@@QEAAXM@Z) в функции "void __cdecl Game::Update::Pilots(void)" (?Pilots@Update@Game@@YAXXZ).
GameRealisationUpdate.obj : error LNK2019: ссылка на неразрешенный внешний символ "public: class Segment __cdecl MegaLaser::GetSegment(void)" (?GetSegment@MegaLaser@@QEAA?AVSegment@@XZ) в функции "void __cdecl Game::Update::MegaLazers(void)" (?MegaLazers@Update@Game@@YAXXZ).
GameRealisationUpdate.obj : error LNK2019: ссылка на неразрешенный внешний символ "public: bool __cdecl Knife::LoseHealth(void)" (?LoseHealth@Knife@@QEAA_NXZ) в функции "void __cdecl Game::Update::Knifes(void)" (?Knifes@Update@Game@@YAXXZ).
GameRealisationUpdate.obj : error LNK2019: ссылка на неразрешенный внешний символ "void __cdecl Game::Update::Destroy::Entity(class AggressiveEntity *,class Asteroid *)" (?Entity@Destroy@Update@Game@@YAXPEAVAggressiveEntity@@PEAVAsteroid@@@Z) в функции "void __cdecl Game::Update::MegaLazers(void)" (?MegaLazers@Update@Game@@YAXXZ).
GameRealisationUpdate.obj : error LNK2019: ссылка на неразрешенный внешний символ "void __cdecl Game::Update::Destroy::Entity(class AggressiveEntity *,class Bullet *)" (?Entity@Destroy@Update@Game@@YAXPEAVAggressiveEntity@@PEAVBullet@@@Z) в функции "void __cdecl Game::Update::MegaLazers(void)" (?MegaLazers@Update@Game@@YAXXZ).
GameRealisationUpdate.obj : error LNK2019: ссылка на неразрешенный внешний символ "void __cdecl Game::Update::Destroy::Entity(class AggressiveEntity *,class Pilot *)" (?Entity@Destroy@Update@Game@@YAXPEAVAggressiveEntity@@PEAVPilot@@@Z) в функции "void __cdecl Game::Update::MegaLazers(void)" (?MegaLazers@Update@Game@@YAXXZ).
GameRealisationUpdate.obj : error LNK2019: ссылка на неразрешенный внешний символ "void __cdecl Game::Update::Destroy::Entity(class AggressiveEntity *,class Ship *)" (?Entity@Destroy@Update@Game@@YAXPEAVAggressiveEntity@@PEAVShip@@@Z) в функции "void __cdecl Game::Update::MegaLazers(void)" (?MegaLazers@Update@Game@@YAXXZ).
GameRealisationUpdate.obj : error LNK2019: ссылка на неразрешенный внешний символ "void __cdecl Game::Update::Destroy::Entity(class KillerEntity *,class Asteroid *)" (?Entity@Destroy@Update@Game@@YAXPEAVKillerEntity@@PEAVAsteroid@@@Z) в функции "void __cdecl Game::Update::Bombs(void)" (?Bombs@Update@Game@@YAXXZ).
GameRealisationUpdate.obj : error LNK2019: ссылка на неразрешенный внешний символ "void __cdecl Game::Update::Destroy::Entity(class KillerEntity *,class Bonus *)" (?Entity@Destroy@Update@Game@@YAXPEAVKillerEntity@@PEAVBonus@@@Z) в функции "void __cdecl Game::Update::Bombs(void)" (?Bombs@Update@Game@@YAXXZ).
GameRealisationUpdate.obj : error LNK2019: ссылка на неразрешенный внешний символ "void __cdecl Game::Update::Destroy::Entity(class KillerEntity *,class Bullet *)" (?Entity@Destroy@Update@Game@@YAXPEAVKillerEntity@@PEAVBullet@@@Z) в функции "void __cdecl Game::Update::Bombs(void)" (?Bombs@Update@Game@@YAXXZ).
GameRealisationUpdate.obj : error LNK2019: ссылка на неразрешенный внешний символ "void __cdecl Game::Update::Destroy::Entity(class KillerEntity *,class Knife *)" (?Entity@Destroy@Update@Game@@YAXPEAVKillerEntity@@PEAVKnife@@@Z) в функции "void __cdecl Game::Update::Bombs(void)" (?Bombs@Update@Game@@YAXXZ).
GameRealisationUpdate.obj : error LNK2019: ссылка на неразрешенный внешний символ "void __cdecl Game::Update::Destroy::Entity(class KillerEntity *,class Pilot *)" (?Entity@Destroy@Update@Game@@YAXPEAVKillerEntity@@PEAVPilot@@@Z) в функции "void __cdecl Game::Update::Bombs(void)" (?Bombs@Update@Game@@YAXXZ).
GameRealisationUpdate.obj : error LNK2019: ссылка на неразрешенный внешний символ "void __cdecl Game::Update::Destroy::Entity(class KillerEntity *,class Ship *)" (?Entity@Destroy@Update@Game@@YAXPEAVKillerEntity@@PEAVShip@@@Z) в функции "void __cdecl Game::Update::Bombs(void)" (?Bombs@Update@Game@@YAXXZ).
GameRealisationUpdate.obj : error LNK2019: ссылка на неразрешенный внешний символ "void __cdecl Game::Update::Destroy::Entity(class KillerEntity *,class Turel *)" (?Entity@Destroy@Update@Game@@YAXPEAVKillerEntity@@PEAVTurel@@@Z) в функции "void __cdecl Game::Update::Bombs(void)" (?Bombs@Update@Game@@YAXXZ).
GameRealisationUpdate.obj : error LNK2019: ссылка на неразрешенный внешний символ "void __cdecl Game::Update::Destroy::Entity(class Laser *,class Asteroid *)" (?Entity@Destroy@Update@Game@@YAXPEAVLaser@@PEAVAsteroid@@@Z) в функции "void __cdecl Game::Update::Lazers(void)" (?Lazers@Update@Game@@YAXXZ).
GameRealisationUpdate.obj : error LNK2019: ссылка на неразрешенный внешний символ "void __cdecl Game::Update::Destroy::Entity(class Laser *,class Bullet *)" (?Entity@Destroy@Update@Game@@YAXPEAVLaser@@PEAVBullet@@@Z) в функции "void __cdecl Game::Update::Lazers(void)" (?Lazers@Update@Game@@YAXXZ).
GameRealisationUpdate.obj : error LNK2019: ссылка на неразрешенный внешний символ "void __cdecl Game::Update::Destroy::Entity(class Laser *,class Pilot *)" (?Entity@Destroy@Update@Game@@YAXPEAVLaser@@PEAVPilot@@@Z) в функции "void __cdecl Game::Update::Lazers(void)" (?Lazers@Update@Game@@YAXXZ).
GameRealisationUpdate.obj : error LNK2019: ссылка на неразрешенный внешний символ "void __cdecl Game::Update::Destroy::Entity(class Laser *,class Ship *)" (?Entity@Destroy@Update@Game@@YAXPEAVLaser@@PEAVShip@@@Z) в функции "void __cdecl Game::Update::Lazers(void)" (?Lazers@Update@Game@@YAXXZ).
GameRealisationUpdate.obj : error LNK2019: ссылка на неразрешенный внешний символ "void __cdecl Game::Update::Destroy::Entity(class Ship *,class Pilot *)" (?Entity@Destroy@Update@Game@@YAXPEAVShip@@PEAVPilot@@@Z) в функции "void __cdecl Game::Update::Ships(void)" (?Ships@Update@Game@@YAXXZ).
GameRealisationUpdate.obj : error LNK2019: ссылка на неразрешенный внешний символ "void __cdecl Game::Update::Spawn::Entity(class Ship *,class Pilot *)" (?Entity@Spawn@Update@Game@@YAXPEAVShip@@PEAVPilot@@@Z) в функции "void __cdecl Game::Update::Ships(void)" (?Ships@Update@Game@@YAXXZ).
GameRealisationUpdate.obj : error LNK2019: ссылка на неразрешенный внешний символ "void __cdecl Game::Delete::Entity(class Bullet *)" (?Entity@Delete@Game@@YAXPEAVBullet@@@Z) в функции "void __cdecl Game::Update::Bullets(void)" (?Bullets@Update@Game@@YAXXZ).
GameRealisationUpdate.obj : error LNK2019: ссылка на неразрешенный внешний символ "void __cdecl Game::Delete::Entity(class Knife *)" (?Entity@Delete@Game@@YAXPEAVKnife@@@Z) в функции "void __cdecl Game::Update::Knifes(void)" (?Knifes@Update@Game@@YAXXZ).
Main.obj : error LNK2019: ссылка на неразрешенный внешний символ "void __cdecl Game::Init::Game(void)" (?Game@Init@0@YAXXZ) в функции main.
Main.obj : error LNK2019: ссылка на неразрешенный внешний символ "void __cdecl Game::Init::Mach(void)" (?Mach@Init@Game@@YAXXZ) в функции main.
Main.obj : error LNK2019: ссылка на неразрешенный внешний символ "void __cdecl Game::Init::Level(void)" (?Level@Init@Game@@YAXXZ) в функции "void __cdecl PhysicsCalculation(void)" (?PhysicsCalculation@@YAXXZ).
Main.obj : error LNK2019: ссылка на неразрешенный внешний символ "void __cdecl Game::Init::Menus(void)" (?Menus@Init@Game@@YAXXZ) в функции main.
MenuFunctions.obj : error LNK2019: ссылка на неразрешенный внешний символ "public: unsigned char __cdecl Menu::GetButtonsCount(void)" (?GetButtonsCount@Menu@@QEAAEXZ) в функции "void __cdecl MenuFunctions::MainMenuFunction(class Vec2F *)" (?MainMenuFunction@MenuFunctions@@YAXPEAVVec2F@@@Z).
D:\Documents\GItHub\AstroParty\AstroPartyWindows\x64\Debug\AstroPartyRemakeWindows.exe : fatal error LNK1120: неразрешенных внешних элементов: 38
